# JRE version: Java(TM) SE Runtime Environment (8.0_251-b08) (build 1.8.0_251-b08)
# Java VM: Java HotSpot(TM) 64-Bit Server VM (25.251-b08 mixed mode windows-amd64 compressed oops)
Heap:
 PSYoungGen      total 140288K, used 44434K [0x00000000d5f00000, 0x00000000e4500000, 0x0000000100000000)
  eden space 131584K, 27% used [0x00000000d5f00000,0x00000000d81e6340,0x00000000ddf80000)
  from space 8704K, 99% used [0x00000000de980000,0x00000000df1fe870,0x00000000df200000)
  to   space 10240K, 0% used [0x00000000ddf80000,0x00000000ddf80000,0x00000000de980000)
 ParOldGen       total 53248K, used 7234K [0x0000000081c00000, 0x0000000085000000, 0x00000000d5f00000)
  object space 53248K, 13% used [0x0000000081c00000,0x0000000082310900,0x0000000085000000)
 Metaspace       used 28870K, capacity 30658K, committed 30976K, reserved 1077248K
  class space    used 3723K, capacity 4024K, committed 4096K, reserved 1048576K
GC Heap History (10 events):
Event: 3.148 GC heap before
{Heap before GC invocations=5 (full 0):
 PSYoungGen      total 71680K, used 71659K [0x00000000d5f00000, 0x00000000daa00000, 0x0000000100000000)
  eden space 66560K, 100% used [0x00000000d5f00000,0x00000000da000000,0x00000000da000000)
  from space 5120K, 99% used [0x00000000da500000,0x00000000da9faf98,0x00000000daa00000)
  to   space 5120K, 0% used [0x00000000da000000,0x00000000da000000,0x00000000da500000)
 ParOldGen       total 87552K, used 2527K [0x0000000081c00000, 0x0000000087180000, 0x00000000d5f00000)
  object space 87552K, 2% used [0x0000000081c00000,0x0000000081e77c80,0x0000000087180000)
 Metaspace       used 19028K, capacity 19724K, committed 20096K, reserved 1067008K
  class space    used 2393K, capacity 2573K, committed 2688K, reserved 1048576K
Event: 3.163 GC heap after
Heap after GC invocations=5 (full 0):
 PSYoungGen      total 71680K, used 5114K [0x00000000d5f00000, 0x00000000df200000, 0x0000000100000000)
  eden space 66560K, 0% used [0x00000000d5f00000,0x00000000d5f00000,0x00000000da000000)
  from space 5120K, 99% used [0x00000000da000000,0x00000000da4fea40,0x00000000da500000)
  to   space 8704K, 0% used [0x00000000de980000,0x00000000de980000,0x00000000df200000)
 ParOldGen       total 87552K, used 4179K [0x0000000081c00000, 0x0000000087180000, 0x00000000d5f00000)
  object space 87552K, 4% used [0x0000000081c00000,0x0000000082014c20,0x0000000087180000)
 Metaspace       used 19028K, capacity 19724K, committed 20096K, reserved 1067008K
  class space    used 2393K, capacity 2573K, committed 2688K, reserved 1048576K
}
Event: 3.557 GC heap before
{Heap before GC invocations=6 (full 0):
 PSYoungGen      total 71680K, used 71674K [0x00000000d5f00000, 0x00000000df200000, 0x0000000100000000)
  eden space 66560K, 100% used [0x00000000d5f00000,0x00000000da000000,0x00000000da000000)
  from space 5120K, 99% used [0x00000000da000000,0x00000000da4fea40,0x00000000da500000)
  to   space 8704K, 0% used [0x00000000de980000,0x00000000de980000,0x00000000df200000)
 ParOldGen       total 87552K, used 4179K [0x0000000081c00000, 0x0000000087180000, 0x00000000d5f00000)
  object space 87552K, 4% used [0x0000000081c00000,0x0000000082014c20,0x0000000087180000)
 Metaspace       used 19699K, capacity 20488K, committed 20608K, reserved 1067008K
  class space    used 2461K, capacity 2658K, committed 2688K, reserved 1048576K
Event: 3.569 GC heap after
Heap after GC invocations=6 (full 0):
 PSYoungGen      total 141312K, used 6574K [0x00000000d5f00000, 0x00000000df300000, 0x0000000100000000)
  eden space 132608K, 0% used [0x00000000d5f00000,0x00000000d5f00000,0x00000000de080000)
  from space 8704K, 75% used [0x00000000de980000,0x00000000defeb970,0x00000000df200000)
  to   space 9216K, 0% used [0x00000000de080000,0x00000000de080000,0x00000000de980000)
 ParOldGen       total 87552K, used 4187K [0x0000000081c00000, 0x0000000087180000, 0x00000000d5f00000)
  object space 87552K, 4% used [0x0000000081c00000,0x0000000082016c20,0x0000000087180000)
 Metaspace       used 19699K, capacity 20488K, committed 20608K, reserved 1067008K
  class space    used 2461K, capacity 2658K, committed 2688K, reserved 1048576K
}
Event: 3.818 GC heap before
{Heap before GC invocations=7 (full 0):
 PSYoungGen      total 141312K, used 92710K [0x00000000d5f00000, 0x00000000df300000, 0x0000000100000000)
  eden space 132608K, 64% used [0x00000000d5f00000,0x00000000db31e120,0x00000000de080000)
  from space 8704K, 75% used [0x00000000de980000,0x00000000defeb970,0x00000000df200000)
  to   space 9216K, 0% used [0x00000000de080000,0x00000000de080000,0x00000000de980000)
 ParOldGen       total 87552K, used 4187K [0x0000000081c00000, 0x0000000087180000, 0x00000000d5f00000)
  object space 87552K, 4% used [0x0000000081c00000,0x0000000082016c20,0x0000000087180000)
 Metaspace       used 20360K, capacity 21158K, committed 21248K, reserved 1067008K
  class space    used 2540K, capacity 2737K, committed 2816K, reserved 1048576K
Event: 3.829 GC heap after
Heap after GC invocations=7 (full 0):
 PSYoungGen      total 141824K, used 4483K [0x00000000d5f00000, 0x00000000df300000, 0x0000000100000000)
  eden space 132608K, 0% used [0x00000000d5f00000,0x00000000d5f00000,0x00000000de080000)
  from space 9216K, 48% used [0x00000000de080000,0x00000000de4e0fe0,0x00000000de980000)
  to   space 8704K, 0% used [0x00000000de980000,0x00000000de980000,0x00000000df200000)
 ParOldGen       total 87552K, used 5918K [0x0000000081c00000, 0x0000000087180000, 0x00000000d5f00000)
  object space 87552K, 6% used [0x0000000081c00000,0x00000000821c7ba0,0x0000000087180000)
 Metaspace       used 20360K, capacity 21158K, committed 21248K, reserved 1067008K
  class space    used 2540K, capacity 2737K, committed 2816K, reserved 1048576K
}
Event: 3.829 GC heap before
{Heap before GC invocations=8 (full 1):
 PSYoungGen      total 141824K, used 4483K [0x00000000d5f00000, 0x00000000df300000, 0x0000000100000000)
  eden space 132608K, 0% used [0x00000000d5f00000,0x00000000d5f00000,0x00000000de080000)
  from space 9216K, 48% used [0x00000000de080000,0x00000000de4e0fe0,0x00000000de980000)
  to   space 8704K, 0% used [0x00000000de980000,0x00000000de980000,0x00000000df200000)
 ParOldGen       total 87552K, used 5918K [0x0000000081c00000, 0x0000000087180000, 0x00000000d5f00000)
  object space 87552K, 6% used [0x0000000081c00000,0x00000000821c7ba0,0x0000000087180000)
 Metaspace       used 20360K, capacity 21158K, committed 21248K, reserved 1067008K
  class space    used 2540K, capacity 2737K, committed 2816K, reserved 1048576K
Event: 3.880 GC heap after
Heap after GC invocations=8 (full 1):
 PSYoungGen      total 141824K, used 0K [0x00000000d5f00000, 0x00000000df300000, 0x0000000100000000)
  eden space 132608K, 0% used [0x00000000d5f00000,0x00000000d5f00000,0x00000000de080000)
  from space 9216K, 0% used [0x00000000de080000,0x00000000de080000,0x00000000de980000)
  to   space 8704K, 0% used [0x00000000de980000,0x00000000de980000,0x00000000df200000)
 ParOldGen       total 53248K, used 6031K [0x0000000081c00000, 0x0000000085000000, 0x00000000d5f00000)
  object space 53248K, 11% used [0x0000000081c00000,0x00000000821e3f90,0x0000000085000000)
 Metaspace       used 20359K, capacity 21152K, committed 21248K, reserved 1067008K
  class space    used 2540K, capacity 2736K, committed 2816K, reserved 1048576K
}
Event: 7.607 GC heap before
{Heap before GC invocations=9 (full 1):
 PSYoungGen      total 141824K, used 132597K [0x00000000d5f00000, 0x00000000df300000, 0x0000000100000000)
  eden space 132608K, 99% used [0x00000000d5f00000,0x00000000de07d738,0x00000000de080000)
  from space 9216K, 0% used [0x00000000de080000,0x00000000de080000,0x00000000de980000)
  to   space 8704K, 0% used [0x00000000de980000,0x00000000de980000,0x00000000df200000)
 ParOldGen       total 53248K, used 6031K [0x0000000081c00000, 0x0000000085000000, 0x00000000d5f00000)
  object space 53248K, 11% used [0x0000000081c00000,0x00000000821e3f90,0x0000000085000000)
 Metaspace       used 27882K, capacity 29570K, committed 29824K, reserved 1075200K
  class space    used 3592K, capacity 3882K, committed 3968K, reserved 1048576K
Event: 7.623 GC heap after
Heap after GC invocations=9 (full 1):
 PSYoungGen      total 140288K, used 8698K [0x00000000d5f00000, 0x00000000e4500000, 0x0000000100000000)
  eden space 131584K, 0% used [0x00000000d5f00000,0x00000000d5f00000,0x00000000ddf80000)
  from space 8704K, 99% used [0x00000000de980000,0x00000000df1fe870,0x00000000df200000)
  to   space 10240K, 0% used [0x00000000ddf80000,0x00000000ddf80000,0x00000000de980000)
 ParOldGen       total 53248K, used 7234K [0x0000000081c00000, 0x0000000085000000, 0x00000000d5f00000)
  object space 53248K, 13% used [0x0000000081c00000,0x0000000082310900,0x0000000085000000)
 Metaspace       used 27882K, capacity 29570K, committed 29824K, reserved 1075200K
  class space    used 3592K, capacity 3882K, committed 3968K, reserved 1048576K
}

