# JRE version: Java(TM) SE Runtime Environment (8.0_251-b08) (build 1.8.0_251-b08)
# Java VM: Java HotSpot(TM) 64-Bit Server VM (25.251-b08 mixed mode windows-amd64 compressed oops)
Heap:
 PSYoungGen      total 140288K, used 83935K [0x00000000d5f00000, 0x00000000e4600000, 0x0000000100000000)
  eden space 131584K, 57% used [0x00000000d5f00000,0x00000000da878cb0,0x00000000ddf80000)
  from space 8704K, 99% used [0x00000000de980000,0x00000000df1ff0f8,0x00000000df200000)
  to   space 10240K, 0% used [0x00000000ddf80000,0x00000000ddf80000,0x00000000de980000)
 ParOldGen       total 53248K, used 7260K [0x0000000081c00000, 0x0000000085000000, 0x00000000d5f00000)
  object space 53248K, 13% used [0x0000000081c00000,0x00000000823171c8,0x0000000085000000)
 Metaspace       used 32801K, capacity 34746K, committed 34944K, reserved 1079296K
  class space    used 4274K, capacity 4657K, committed 4736K, reserved 1048576K
GC Heap History (10 events):
Event: 3.451 GC heap before
{Heap before GC invocations=5 (full 0):
 PSYoungGen      total 71680K, used 71669K [0x00000000d5f00000, 0x00000000daa00000, 0x0000000100000000)
  eden space 66560K, 100% used [0x00000000d5f00000,0x00000000da000000,0x00000000da000000)
  from space 5120K, 99% used [0x00000000da500000,0x00000000da9fd488,0x00000000daa00000)
  to   space 5120K, 0% used [0x00000000da000000,0x00000000da000000,0x00000000da500000)
 ParOldGen       total 87552K, used 2620K [0x0000000081c00000, 0x0000000087180000, 0x00000000d5f00000)
  object space 87552K, 2% used [0x0000000081c00000,0x0000000081e8f2f0,0x0000000087180000)
 Metaspace       used 19041K, capacity 19724K, committed 20096K, reserved 1067008K
  class space    used 2393K, capacity 2573K, committed 2688K, reserved 1048576K
Event: 3.461 GC heap after
Heap after GC invocations=5 (full 0):
 PSYoungGen      total 71680K, used 5098K [0x00000000d5f00000, 0x00000000df200000, 0x0000000100000000)
  eden space 66560K, 0% used [0x00000000d5f00000,0x00000000d5f00000,0x00000000da000000)
  from space 5120K, 99% used [0x00000000da000000,0x00000000da4faa30,0x00000000da500000)
  to   space 8704K, 0% used [0x00000000de980000,0x00000000de980000,0x00000000df200000)
 ParOldGen       total 87552K, used 4314K [0x0000000081c00000, 0x0000000087180000, 0x00000000d5f00000)
  object space 87552K, 4% used [0x0000000081c00000,0x0000000082036b20,0x0000000087180000)
 Metaspace       used 19041K, capacity 19724K, committed 20096K, reserved 1067008K
  class space    used 2393K, capacity 2573K, committed 2688K, reserved 1048576K
}
Event: 3.896 GC heap before
{Heap before GC invocations=6 (full 0):
 PSYoungGen      total 71680K, used 71658K [0x00000000d5f00000, 0x00000000df200000, 0x0000000100000000)
  eden space 66560K, 100% used [0x00000000d5f00000,0x00000000da000000,0x00000000da000000)
  from space 5120K, 99% used [0x00000000da000000,0x00000000da4faa30,0x00000000da500000)
  to   space 8704K, 0% used [0x00000000de980000,0x00000000de980000,0x00000000df200000)
 ParOldGen       total 87552K, used 4314K [0x0000000081c00000, 0x0000000087180000, 0x00000000d5f00000)
  object space 87552K, 4% used [0x0000000081c00000,0x0000000082036b20,0x0000000087180000)
 Metaspace       used 19724K, capacity 20552K, committed 20608K, reserved 1067008K
  class space    used 2460K, capacity 2658K, committed 2688K, reserved 1048576K
Event: 3.906 GC heap after
Heap after GC invocations=6 (full 0):
 PSYoungGen      total 141312K, used 6622K [0x00000000d5f00000, 0x00000000df300000, 0x0000000100000000)
  eden space 132608K, 0% used [0x00000000d5f00000,0x00000000d5f00000,0x00000000de080000)
  from space 8704K, 76% used [0x00000000de980000,0x00000000deff7a88,0x00000000df200000)
  to   space 9216K, 0% used [0x00000000de080000,0x00000000de080000,0x00000000de980000)
 ParOldGen       total 87552K, used 4322K [0x0000000081c00000, 0x0000000087180000, 0x00000000d5f00000)
  object space 87552K, 4% used [0x0000000081c00000,0x0000000082038b20,0x0000000087180000)
 Metaspace       used 19724K, capacity 20552K, committed 20608K, reserved 1067008K
  class space    used 2460K, capacity 2658K, committed 2688K, reserved 1048576K
}
Event: 4.177 GC heap before
{Heap before GC invocations=7 (full 0):
 PSYoungGen      total 141312K, used 92699K [0x00000000d5f00000, 0x00000000df300000, 0x0000000100000000)
  eden space 132608K, 64% used [0x00000000d5f00000,0x00000000db30f1e0,0x00000000de080000)
  from space 8704K, 76% used [0x00000000de980000,0x00000000deff7a88,0x00000000df200000)
  to   space 9216K, 0% used [0x00000000de080000,0x00000000de080000,0x00000000de980000)
 ParOldGen       total 87552K, used 4322K [0x0000000081c00000, 0x0000000087180000, 0x00000000d5f00000)
  object space 87552K, 4% used [0x0000000081c00000,0x0000000082038b20,0x0000000087180000)
 Metaspace       used 20374K, capacity 21158K, committed 21248K, reserved 1067008K
  class space    used 2539K, capacity 2737K, committed 2816K, reserved 1048576K
Event: 4.188 GC heap after
Heap after GC invocations=7 (full 0):
 PSYoungGen      total 141824K, used 4483K [0x00000000d5f00000, 0x00000000df300000, 0x0000000100000000)
  eden space 132608K, 0% used [0x00000000d5f00000,0x00000000d5f00000,0x00000000de080000)
  from space 9216K, 48% used [0x00000000de080000,0x00000000de4e0fe0,0x00000000de980000)
  to   space 8704K, 0% used [0x00000000de980000,0x00000000de980000,0x00000000df200000)
 ParOldGen       total 87552K, used 6066K [0x0000000081c00000, 0x0000000087180000, 0x00000000d5f00000)
  object space 87552K, 6% used [0x0000000081c00000,0x00000000821ec868,0x0000000087180000)
 Metaspace       used 20374K, capacity 21158K, committed 21248K, reserved 1067008K
  class space    used 2539K, capacity 2737K, committed 2816K, reserved 1048576K
}
Event: 4.188 GC heap before
{Heap before GC invocations=8 (full 1):
 PSYoungGen      total 141824K, used 4483K [0x00000000d5f00000, 0x00000000df300000, 0x0000000100000000)
  eden space 132608K, 0% used [0x00000000d5f00000,0x00000000d5f00000,0x00000000de080000)
  from space 9216K, 48% used [0x00000000de080000,0x00000000de4e0fe0,0x00000000de980000)
  to   space 8704K, 0% used [0x00000000de980000,0x00000000de980000,0x00000000df200000)
 ParOldGen       total 87552K, used 6066K [0x0000000081c00000, 0x0000000087180000, 0x00000000d5f00000)
  object space 87552K, 6% used [0x0000000081c00000,0x00000000821ec868,0x0000000087180000)
 Metaspace       used 20374K, capacity 21158K, committed 21248K, reserved 1067008K
  class space    used 2539K, capacity 2737K, committed 2816K, reserved 1048576K
Event: 4.236 GC heap after
Heap after GC invocations=8 (full 1):
 PSYoungGen      total 141824K, used 0K [0x00000000d5f00000, 0x00000000df300000, 0x0000000100000000)
  eden space 132608K, 0% used [0x00000000d5f00000,0x00000000d5f00000,0x00000000de080000)
  from space 9216K, 0% used [0x00000000de080000,0x00000000de080000,0x00000000de980000)
  to   space 8704K, 0% used [0x00000000de980000,0x00000000de980000,0x00000000df200000)
 ParOldGen       total 53248K, used 6034K [0x0000000081c00000, 0x0000000085000000, 0x00000000d5f00000)
  object space 53248K, 11% used [0x0000000081c00000,0x00000000821e4bb8,0x0000000085000000)
 Metaspace       used 20372K, capacity 21152K, committed 21248K, reserved 1067008K
  class space    used 2539K, capacity 2736K, committed 2816K, reserved 1048576K
}
Event: 6.467 GC heap before
{Heap before GC invocations=9 (full 1):
 PSYoungGen      total 141824K, used 132608K [0x00000000d5f00000, 0x00000000df300000, 0x0000000100000000)
  eden space 132608K, 100% used [0x00000000d5f00000,0x00000000de080000,0x00000000de080000)
  from space 9216K, 0% used [0x00000000de080000,0x00000000de080000,0x00000000de980000)
  to   space 8704K, 0% used [0x00000000de980000,0x00000000de980000,0x00000000df200000)
 ParOldGen       total 53248K, used 6034K [0x0000000081c00000, 0x0000000085000000, 0x00000000d5f00000)
  object space 53248K, 11% used [0x0000000081c00000,0x00000000821e4bb8,0x0000000085000000)
 Metaspace       used 27883K, capacity 29586K, committed 29824K, reserved 1075200K
  class space    used 3590K, capacity 3882K, committed 3968K, reserved 1048576K
Event: 6.483 GC heap after
Heap after GC invocations=9 (full 1):
 PSYoungGen      total 140288K, used 8700K [0x00000000d5f00000, 0x00000000e4600000, 0x0000000100000000)
  eden space 131584K, 0% used [0x00000000d5f00000,0x00000000d5f00000,0x00000000ddf80000)
  from space 8704K, 99% used [0x00000000de980000,0x00000000df1ff0f8,0x00000000df200000)
  to   space 10240K, 0% used [0x00000000ddf80000,0x00000000ddf80000,0x00000000de980000)
 ParOldGen       total 53248K, used 7260K [0x0000000081c00000, 0x0000000085000000, 0x00000000d5f00000)
  object space 53248K, 13% used [0x0000000081c00000,0x00000000823171c8,0x0000000085000000)
 Metaspace       used 27883K, capacity 29586K, committed 29824K, reserved 1075200K
  class space    used 3590K, capacity 3882K, committed 3968K, reserved 1048576K
}

